<?xml version="1.0" encoding="UTF-8"?>
<!-- Generated by org.testng.reporters.JUnitReportReporter -->
<testsuite skipped="0" hostname="BDC6-DX-6GN5NK2" name="TestNGdemo.testing1" tests="3" failures="0" timestamp="28 May 2019 05:48:25 GMT" time="23.307" errors="0">
  <testcase name="regpage" time="7.455" classname="TestNGdemo.testing1"/>
  <testcase name="supptpage" time="7.138" classname="TestNGdemo.testing1"/>
  <testcase name="contact" time="8.714" classname="TestNGdemo.testing1"/>
</testsuite> <!-- TestNGdemo.testing1 -->
