<?xml version="1.0" encoding="UTF-8"?>
<!-- Generated by org.testng.reporters.JUnitReportReporter -->
<testsuite skipped="1" hostname="BDC6-DX-6GN5NK2" name="TestNGdemo.firstdemo" tests="4" failures="0" timestamp="28 May 2019 04:48:02 GMT" time="0.023" errors="0">
  <testcase name="run4" time="0.011" classname="TestNGdemo.firstdemo"/>
  <testcase name="run1" time="0.003" classname="TestNGdemo.firstdemo"/>
  <testcase name="run3" time="0.009" classname="TestNGdemo.firstdemo"/>
  <testcase name="run2" classname="TestNGdemo.firstdemo">
    <skipped/>
  </testcase> <!-- run2 -->
</testsuite> <!-- TestNGdemo.firstdemo -->
