<?xml version="1.0" encoding="UTF-8"?>
<!-- Generated by org.testng.reporters.JUnitReportReporter -->
<testsuite skipped="0" hostname="BDC6-DX-6GN5NK2" name="TestNGdemo.selncode1" tests="1" failures="0" timestamp="28 May 2019 07:27:14 GMT" time="6.691" errors="0">
  <testcase name="homepage" time="6.691" classname="TestNGdemo.selncode1"/>
</testsuite> <!-- TestNGdemo.selncode1 -->
