<?xml version="1.0" encoding="UTF-8"?>
<!-- Generated by org.testng.reporters.JUnitReportReporter -->
<testsuite skipped="0" hostname="BDC6-DX-6GN5NK2" name="TestNGdemo.demodat" tests="3" failures="0" timestamp="29 May 2019 03:17:50 GMT" time="0.015" errors="0">
  <testcase name="testLogin" time="0.015" classname="TestNGdemo.demodat"/>
  <testcase name="testLogin" time="0.000" classname="TestNGdemo.demodat"/>
  <testcase name="testLogin" time="0.000" classname="TestNGdemo.demodat"/>
</testsuite> <!-- TestNGdemo.demodat -->
