<?xml version="1.0" encoding="UTF-8"?>
<!-- Generated by org.testng.reporters.JUnitReportReporter -->
<testsuite skipped="0" hostname="BDC6-DX-6GN5NK2" name="TestNGdemo.dataprd" tests="4" failures="0" timestamp="28 May 2019 06:28:59 GMT" time="0.020" errors="0">
  <testcase name="Dat" time="0.010" classname="TestNGdemo.dataprd"/>
  <testcase name="Dat" time="0.004" classname="TestNGdemo.dataprd"/>
  <testcase name="Dat" time="0.001" classname="TestNGdemo.dataprd"/>
  <testcase name="Dat" time="0.005" classname="TestNGdemo.dataprd"/>
</testsuite> <!-- TestNGdemo.dataprd -->
